<?xml version="1.0" encoding="UTF-8"?>
<testsuite xmlns:xsi="http://www.w3.org/2001/XMLSchema-instance" xsi:noNamespaceSchemaLocation="https://maven.apache.org/surefire/maven-surefire-plugin/xsd/surefire-test-report.xsd" name="MavenProject1.AppTest" time="0.065" tests="1" errors="0" skipped="0" failures="0">
  <properties>
    <property name="java.specification.version" value="17"/>
    <property name="sun.cpu.isalist" value="amd64"/>
    <property name="sun.jnu.encoding" value="UTF-8"/>
    <property name="java.class.path" value="C:\Users\Anshul\Documents\Devops\Worksheet03\target\test-classes;C:\Users\Anshul\Documents\Devops\Worksheet03\target\classes;C:\Users\Anshul\.m2\repository\junit\junit\4.11\junit-4.11.jar;C:\Users\Anshul\.m2\repository\org\hamcrest\hamcrest-core\1.3\hamcrest-core-1.3.jar;"/>
    <property name="java.vm.vendor" value="ojdkbuild"/>
    <property name="sun.arch.data.model" value="64"/>
    <property name="user.variant" value=""/>
    <property name="java.vendor.url" value="https://github.com/ojdkbuild"/>
    <property name="user.timezone" value="Asia/Calcutta"/>
    <property name="os.name" value="Windows 10"/>
    <property name="java.vm.specification.version" value="17"/>
    <property name="sun.java.launcher" value="SUN_STANDARD"/>
    <property name="user.country" value="IN"/>
    <property name="sun.boot.library.path" value="C:\Program Files\ojdkbuild\java-17-openjdk-17.0.3.0.6-1\bin"/>
    <property name="sun.java.command" value="C:\Users\Anshul\AppData\Local\Temp\surefire3174970222822865478\surefirebooter13540214763821930808.jar C:\Users\Anshul\AppData\Local\Temp\surefire3174970222822865478 2023-09-14T23-59-40_502-jvmRun1 surefire16484372329402085428tmp surefire_010113201121063790778tmp"/>
    <property name="jdk.debug" value="release"/>
    <property name="surefire.test.class.path" value="C:\Users\Anshul\Documents\Devops\Worksheet03\target\test-classes;C:\Users\Anshul\Documents\Devops\Worksheet03\target\classes;C:\Users\Anshul\.m2\repository\junit\junit\4.11\junit-4.11.jar;C:\Users\Anshul\.m2\repository\org\hamcrest\hamcrest-core\1.3\hamcrest-core-1.3.jar;"/>
    <property name="sun.cpu.endian" value="little"/>
    <property name="user.home" value="C:\Users\Anshul"/>
    <property name="user.language" value="en"/>
    <property name="java.specification.vendor" value="Oracle Corporation"/>
    <property name="java.version.date" value="2022-04-19"/>
    <property name="java.home" value="C:\Program Files\ojdkbuild\java-17-openjdk-17.0.3.0.6-1"/>
    <property name="file.separator" value="\"/>
    <property name="basedir" value="C:\Users\Anshul\Documents\Devops\Worksheet03"/>
    <property name="java.vm.compressedOopsMode" value="32-bit"/>
    <property name="line.separator" value="&#10;"/>
    <property name="java.vm.specification.vendor" value="Oracle Corporation"/>
    <property name="java.specification.name" value="Java Platform API Specification"/>
    <property name="surefire.real.class.path" value="C:\Users\Anshul\AppData\Local\Temp\surefire3174970222822865478\surefirebooter13540214763821930808.jar"/>
    <property name="user.script" value=""/>
    <property name="sun.management.compiler" value="HotSpot 64-Bit Tiered Compilers"/>
    <property name="java.runtime.version" value="17.0.3+6-LTS"/>
    <property name="user.name" value="Anshul"/>
    <property name="path.separator" value=";"/>
    <property name="os.version" value="10.0"/>
    <property name="java.runtime.name" value="OpenJDK Runtime Environment"/>
    <property name="file.encoding" value="UTF-8"/>
    <property name="java.vm.name" value="OpenJDK 64-Bit Server VM"/>
    <property name="java.vendor.version" value="21.9"/>
    <property name="localRepository" value="C:\Users\Anshul\.m2\repository"/>
    <property name="java.vendor.url.bug" value="https://github.com/ojdkbuild/ojdkbuild/issues"/>
    <property name="java.io.tmpdir" value="C:\Users\Anshul\AppData\Local\Temp\"/>
    <property name="java.version" value="17.0.3"/>
    <property name="user.dir" value="C:\Users\Anshul\Documents\Devops\Worksheet03"/>
    <property name="os.arch" value="amd64"/>
    <property name="java.vm.specification.name" value="Java Virtual Machine Specification"/>
    <property name="sun.os.patch.level" value=""/>
    <property name="native.encoding" value="UTF-8"/>
    <property name="java.library.path" value="C:\Program Files\ojdkbuild\java-17-openjdk-17.0.3.0.6-1\bin;C:\WINDOWS\Sun\Java\bin;C:\WINDOWS\system32;C:\WINDOWS;C:\Python311\Scripts\;C:\Python311\;C:\WINDOWS\system32;C:\WINDOWS;C:\WINDOWS\System32\Wbem;C:\WINDOWS\System32\WindowsPowerShell\v1.0\;C:\WINDOWS\System32\OpenSSH\;C:\Program Files\MySQL\MySQL Server 8.0\bin;C:\Program Files\Microsoft SQL Server\150\Tools\Binn\;C:\ProgramData\chocolatey\bin;C:\Program Files\Git\cmd;C:\Users\Anshul\Documents\apache-maven-3.9.4-bin\apache-maven-3.9.4\bin;C:\Program Files\ojdkbuild\java-17-openjdk-17.0.3.0.6-1\bin;C:\Program Files\nodejs\;C:\Program Files\MySQL\MySQL Shell 8.0\bin\;C:\Users\Anshul\AppData\Local\Microsoft\WindowsApps;D:\bin;C:\Users\Anshul\AppData\Local\JetBrains\IntelliJ IDEA Community Edition 2022.2.3\bin;;C:\Users\Anshul\AppData\Roaming\npm;C:\Users\Anshul\AppData\Local\Programs\Microsoft VS Code\bin;."/>
    <property name="java.vm.info" value="mixed mode, sharing"/>
    <property name="java.vendor" value="ojdkbuild"/>
    <property name="java.vm.version" value="17.0.3+6-LTS"/>
    <property name="sun.io.unicode.encoding" value="UnicodeLittle"/>
    <property name="java.class.version" value="61.0"/>
  </properties>
  <testcase name="shouldAnswerWithTrue" classname="MavenProject1.AppTest" time="0.002"/>
</testsuite>